Using pre-set license
Built from '2020.2/release' branch; Version is '2020.2.4f1 (becced5a802b) revision 12504301'; Using compiler version '192528614'; Build Type 'Release'
OS: 'Windows 10 Home; OS build 19042.1110; Version 2009; 64bit' Language: 'en' Physical Memory: 16209 MB
BatchMode: 1, IsHumanControllingUs: 0, StartBugReporterOnCrash: 0, Is64bit: 1, IsPro: 0

 COMMAND LINE ARGUMENTS:
C:\Program Files\Unity\Hub\Editor\2020.2.4f1\Editor\Unity.exe
-adb2
-batchMode
-noUpm
-name
AssetImportWorker0
-projectPath
D:/Dev/Unity/Projects/IGDev/uts-igdev-labs/Lab Week 2 - Solution
-logFile
Logs/AssetImportWorker0.log
-srvPort
62481
Successfully changed project path to: D:/Dev/Unity/Projects/IGDev/uts-igdev-labs/Lab Week 2 - Solution
D:/Dev/Unity/Projects/IGDev/uts-igdev-labs/Lab Week 2 - Solution
Using Asset Import Pipeline V2.
Refreshing native plugins compatible for Editor in 19.11 ms, found 0 plugins.
Preloading 0 native plugins for Editor in 0.00 ms.
Initialize engine version: 2020.2.4f1 (becced5a802b)
[Subsystems] Discovering subsystems at path C:/Program Files/Unity/Hub/Editor/2020.2.4f1/Editor/Data/Resources/UnitySubsystems
[Subsystems] Discovering subsystems at path D:/Dev/Unity/Projects/IGDev/uts-igdev-labs/Lab Week 2 - Solution/Assets
GfxDevice: creating device client; threaded=0
Direct3D:
    Version:  Direct3D 11.0 [level 11.1]
    Renderer: NVIDIA GeForce RTX 2070 SUPER (ID=0x1e84)
    Vendor:   
    VRAM:     8011 MB
    Driver:   27.21.14.6679
Initialize mono
Mono path[0] = 'C:/Program Files/Unity/Hub/Editor/2020.2.4f1/Editor/Data/Managed'
Mono path[1] = 'C:/Program Files/Unity/Hub/Editor/2020.2.4f1/Editor/Data/MonoBleedingEdge/lib/mono/unityjit'
Mono config path = 'C:/Program Files/Unity/Hub/Editor/2020.2.4f1/Editor/Data/MonoBleedingEdge/etc'
Using monoOptions --debugger-agent=transport=dt_socket,embedding=1,server=y,suspend=n,address=127.0.0.1:56276
Begin MonoManager ReloadAssembly
Registering precompiled unity dll's ...
Register platform support module: C:/Program Files/Unity/Hub/Editor/2020.2.4f1/Editor/Data/PlaybackEngines/WebGLSupport/UnityEditor.WebGL.Extensions.dll
Register platform support module: C:/Program Files/Unity/Hub/Editor/2020.2.4f1/Editor/Data/PlaybackEngines/MacStandaloneSupport/UnityEditor.OSXStandalone.Extensions.dll
Register platform support module: C:/Program Files/Unity/Hub/Editor/2020.2.4f1/Editor/Data/PlaybackEngines/WindowsStandaloneSupport/UnityEditor.WindowsStandalone.Extensions.dll
Registered in 0.001934 seconds.
Native extension for WindowsStandalone target not found
Native extension for OSXStandalone target not found
Native extension for WebGL target not found
Refreshing native plugins compatible for Editor in 17.61 ms, found 0 plugins.
Preloading 0 native plugins for Editor in 0.00 ms.
Invoked RoslynAnalysisRunner static constructor.
RoslynAnalysisRunner will not be running.
RoslynAnalysisRunner has terminated.
Mono: successfully reloaded assembly
- Completed reload, in  0.892 seconds
Platform modules already initialized, skipping
Registering precompiled user dll's ...
Registered in 0.000434 seconds.
Begin MonoManager ReloadAssembly
Native extension for WindowsStandalone target not found
Native extension for OSXStandalone target not found
Native extension for WebGL target not found
Refreshing native plugins compatible for Editor in 0.25 ms, found 0 plugins.
Preloading 0 native plugins for Editor in 0.00 ms.
Invoked RoslynAnalysisRunner static constructor.
RoslynAnalysisRunner will not be running.
RoslynAnalysisRunner has terminated.
Mono: successfully reloaded assembly
- Completed reload, in  0.867 seconds
Platform modules already initialized, skipping
========================================================================
Worker process is ready to serve import requests
Launched and connected shader compiler UnityShaderCompiler.exe after 0.04 seconds
Refreshing native plugins compatible for Editor in 0.30 ms, found 0 plugins.
Preloading 0 native plugins for Editor in 0.00 ms.
Unloading 1078 Unused Serialized files (Serialized files now loaded: 0)
System memory in use before: 55.8 MB.
System memory in use after: 55.9 MB.

Unloading 9 unused Assets to reduce memory usage. Loaded Objects now: 1520.
Total: 1.607600 ms (FindLiveObjects: 0.121100 ms CreateObjectMapping: 0.035200 ms MarkObjects: 1.402100 ms  DeleteObjects: 0.048100 ms)

========================================================================
Received Import Request.
  path: Assets/Scenes
  artifactKey: Guid(8dbc44b961e74e54ba51b53aeaaaf0fb) Importer(815301076,1909f56bfc062723c751e8b465ee728b)
Start importing Assets/Scenes using Guid(8dbc44b961e74e54ba51b53aeaaaf0fb) Importer(815301076,1909f56bfc062723c751e8b465ee728b)  -> (artifact id: '1475530e8f176cc9fde5bb8c70c81fbe') in 0.008988 seconds
  Import took 0.010443 seconds .

========================================================================
Received Import Request.
  Time since last request: 0.000266 seconds.
  path: Assets/Scenes/Week2Scene.unity
  artifactKey: Guid(be77f75a180c8422cac4d396e01af519) Importer(815301076,1909f56bfc062723c751e8b465ee728b)
Start importing Assets/Scenes/Week2Scene.unity using Guid(be77f75a180c8422cac4d396e01af519) Importer(815301076,1909f56bfc062723c751e8b465ee728b)  -> (artifact id: '7fa12d4cd50e24189975fbe5bdd3349b') in 0.012157 seconds
  Import took 0.013691 seconds .

========================================================================
Received Import Request.
  Time since last request: 1.211421 seconds.
  path: Assets/Materials/Star_Particle_Material.mat
  artifactKey: Guid(19e0af29cd4638241944ed62aa8986fc) Importer(815301076,1909f56bfc062723c751e8b465ee728b)
Start importing Assets/Materials/Star_Particle_Material.mat using Guid(19e0af29cd4638241944ed62aa8986fc) Importer(815301076,1909f56bfc062723c751e8b465ee728b)  -> (artifact id: '13136baa774ca3a194b583d6e3beb719') in 0.126014 seconds
  Import took 0.127734 seconds .

========================================================================
Received Import Request.
  Time since last request: 44350.812698 seconds.
  path: Assets/ProgressEvaluator.cs
  artifactKey: Guid(11161694e92385442944069ea672948a) Importer(815301076,1909f56bfc062723c751e8b465ee728b)
Start importing Assets/ProgressEvaluator.cs using Guid(11161694e92385442944069ea672948a) Importer(815301076,1909f56bfc062723c751e8b465ee728b)  -> (artifact id: 'd5d451dd9aa9a9b008a79b770476a2dd') in 0.034081 seconds
  Import took 0.058527 seconds .

========================================================================
Received Import Request.
  Time since last request: 12.912133 seconds.
  path: Assets
  artifactKey: Guid(00000000000000001000000000000000) Importer(815301076,1909f56bfc062723c751e8b465ee728b)
Start importing Assets using Guid(00000000000000001000000000000000) Importer(815301076,1909f56bfc062723c751e8b465ee728b)  -> (artifact id: 'edc3feb264a98656617d3c2cb59c8f16') in 0.025293 seconds
  Import took 0.027383 seconds .

========================================================================
Received Import Request.
  Time since last request: 3.766100 seconds.
  path: Assets/NewBehaviourScript.cs
  artifactKey: Guid(6870626042503cd47b55efe31370a5f9) Importer(815301076,1909f56bfc062723c751e8b465ee728b)
Start importing Assets/NewBehaviourScript.cs using Guid(6870626042503cd47b55efe31370a5f9) Importer(815301076,1909f56bfc062723c751e8b465ee728b)  -> (artifact id: '07b763dc765719f118c1c35c3827e327') in 0.010309 seconds
  Import took 0.018437 seconds .

========================================================================
Received Prepare
Registering precompiled user dll's ...
Registered in 0.000555 seconds.
Begin MonoManager ReloadAssembly
Native extension for WindowsStandalone target not found
Native extension for OSXStandalone target not found
Native extension for WebGL target not found
Refreshing native plugins compatible for Editor in 0.23 ms, found 0 plugins.
Preloading 0 native plugins for Editor in 0.00 ms.
Invoked RoslynAnalysisRunner static constructor.
RoslynAnalysisRunner will not be running.
RoslynAnalysisRunner has terminated.
Mono: successfully reloaded assembly
- Completed reload, in  0.753 seconds
Platform modules already initialized, skipping
Refreshing native plugins compatible for Editor in 0.21 ms, found 0 plugins.
Preloading 0 native plugins for Editor in 0.00 ms.
Unloading 1073 Unused Serialized files (Serialized files now loaded: 0)
System memory in use before: 59.2 MB.
System memory in use after: 59.3 MB.

Unloading 4 unused Assets to reduce memory usage. Loaded Objects now: 1564.
Total: 1.378900 ms (FindLiveObjects: 0.151100 ms CreateObjectMapping: 0.027500 ms MarkObjects: 1.186800 ms  DeleteObjects: 0.012200 ms)

========================================================================
Received Prepare
Registering precompiled user dll's ...
Registered in 0.000394 seconds.
Begin MonoManager ReloadAssembly
Native extension for WindowsStandalone target not found
Native extension for OSXStandalone target not found
Native extension for WebGL target not found
Refreshing native plugins compatible for Editor in 0.18 ms, found 0 plugins.
Preloading 0 native plugins for Editor in 0.00 ms.
Invoked RoslynAnalysisRunner static constructor.
RoslynAnalysisRunner will not be running.
RoslynAnalysisRunner has terminated.
Mono: successfully reloaded assembly
- Completed reload, in  0.599 seconds
Platform modules already initialized, skipping
Refreshing native plugins compatible for Editor in 0.26 ms, found 0 plugins.
Preloading 0 native plugins for Editor in 0.00 ms.
Unloading 1073 Unused Serialized files (Serialized files now loaded: 0)
System memory in use before: 59.2 MB.
System memory in use after: 59.3 MB.

Unloading 4 unused Assets to reduce memory usage. Loaded Objects now: 1566.
Total: 1.498700 ms (FindLiveObjects: 0.104000 ms CreateObjectMapping: 0.024800 ms MarkObjects: 1.357600 ms  DeleteObjects: 0.011200 ms)

========================================================================
Received Import Request.
  Time since last request: 30.199331 seconds.
  path: Assets/NewBehaviourScript.cs
  artifactKey: Guid(6870626042503cd47b55efe31370a5f9) Importer(815301076,1909f56bfc062723c751e8b465ee728b)
Start importing Assets/NewBehaviourScript.cs using Guid(6870626042503cd47b55efe31370a5f9) Importer(815301076,1909f56bfc062723c751e8b465ee728b)  -> (artifact id: '25a3426ad233cf443afa48e51a54187d') in 0.003234 seconds
  Import took 0.004849 seconds .

========================================================================
Received Prepare
Registering precompiled user dll's ...
Registered in 0.000510 seconds.
Begin MonoManager ReloadAssembly
Native extension for WindowsStandalone target not found
Native extension for OSXStandalone target not found
Native extension for WebGL target not found
Refreshing native plugins compatible for Editor in 0.17 ms, found 0 plugins.
Preloading 0 native plugins for Editor in 0.00 ms.
Invoked RoslynAnalysisRunner static constructor.
RoslynAnalysisRunner will not be running.
RoslynAnalysisRunner has terminated.
Mono: successfully reloaded assembly
- Completed reload, in  0.594 seconds
Platform modules already initialized, skipping
Refreshing native plugins compatible for Editor in 0.18 ms, found 0 plugins.
Preloading 0 native plugins for Editor in 0.00 ms.
Unloading 1072 Unused Serialized files (Serialized files now loaded: 0)
System memory in use before: 59.2 MB.
System memory in use after: 59.3 MB.

Unloading 5 unused Assets to reduce memory usage. Loaded Objects now: 1567.
Total: 1.435400 ms (FindLiveObjects: 0.114900 ms CreateObjectMapping: 0.025800 ms MarkObjects: 1.279000 ms  DeleteObjects: 0.014200 ms)

AssetImportWorkerClient::OnTransportError - code=2 error=End of file
