Using pre-set license
Built from '2020.2/release' branch; Version is '2020.2.4f1 (becced5a802b) revision 12504301'; Using compiler version '192528614'; Build Type 'Release'
OS: 'Windows 10 Home; OS build 19042.1165; Version 2009; 64bit' Language: 'en' Physical Memory: 16209 MB
BatchMode: 1, IsHumanControllingUs: 0, StartBugReporterOnCrash: 0, Is64bit: 1, IsPro: 0

 COMMAND LINE ARGUMENTS:
C:\Program Files\Unity\Hub\Editor\2020.2.4f1\Editor\Unity.exe
-adb2
-batchMode
-noUpm
-name
AssetImportWorker0
-projectPath
D:/Dev/Unity/Projects/IGDev/uts-igdev-labs/Lab Week 3 - Solution
-logFile
Logs/AssetImportWorker0.log
-srvPort
56864
Successfully changed project path to: D:/Dev/Unity/Projects/IGDev/uts-igdev-labs/Lab Week 3 - Solution
D:/Dev/Unity/Projects/IGDev/uts-igdev-labs/Lab Week 3 - Solution
Using Asset Import Pipeline V2.
Refreshing native plugins compatible for Editor in 19.89 ms, found 0 plugins.
Preloading 0 native plugins for Editor in 0.00 ms.
Initialize engine version: 2020.2.4f1 (becced5a802b)
[Subsystems] Discovering subsystems at path C:/Program Files/Unity/Hub/Editor/2020.2.4f1/Editor/Data/Resources/UnitySubsystems
[Subsystems] Discovering subsystems at path D:/Dev/Unity/Projects/IGDev/uts-igdev-labs/Lab Week 3 - Solution/Assets
GfxDevice: creating device client; threaded=0
Direct3D:
    Version:  Direct3D 11.0 [level 11.1]
    Renderer: NVIDIA GeForce RTX 2070 SUPER (ID=0x1e84)
    Vendor:   
    VRAM:     8011 MB
    Driver:   27.21.14.6679
Initialize mono
Mono path[0] = 'C:/Program Files/Unity/Hub/Editor/2020.2.4f1/Editor/Data/Managed'
Mono path[1] = 'C:/Program Files/Unity/Hub/Editor/2020.2.4f1/Editor/Data/MonoBleedingEdge/lib/mono/unityjit'
Mono config path = 'C:/Program Files/Unity/Hub/Editor/2020.2.4f1/Editor/Data/MonoBleedingEdge/etc'
Using monoOptions --debugger-agent=transport=dt_socket,embedding=1,server=y,suspend=n,address=127.0.0.1:56524
Begin MonoManager ReloadAssembly
Registering precompiled unity dll's ...
Register platform support module: C:/Program Files/Unity/Hub/Editor/2020.2.4f1/Editor/Data/PlaybackEngines/WebGLSupport/UnityEditor.WebGL.Extensions.dll
Register platform support module: C:/Program Files/Unity/Hub/Editor/2020.2.4f1/Editor/Data/PlaybackEngines/MacStandaloneSupport/UnityEditor.OSXStandalone.Extensions.dll
Register platform support module: C:/Program Files/Unity/Hub/Editor/2020.2.4f1/Editor/Data/PlaybackEngines/WindowsStandaloneSupport/UnityEditor.WindowsStandalone.Extensions.dll
Registered in 0.001963 seconds.
Native extension for WindowsStandalone target not found
Native extension for OSXStandalone target not found
Native extension for WebGL target not found
Refreshing native plugins compatible for Editor in 18.55 ms, found 0 plugins.
Preloading 0 native plugins for Editor in 0.00 ms.
Invoked RoslynAnalysisRunner static constructor.
RoslynAnalysisRunner will not be running.
RoslynAnalysisRunner has terminated.
Mono: successfully reloaded assembly
- Completed reload, in  0.884 seconds
Platform modules already initialized, skipping
Registering precompiled user dll's ...
Registered in 0.000434 seconds.
Begin MonoManager ReloadAssembly
Native extension for WindowsStandalone target not found
Native extension for OSXStandalone target not found
Native extension for WebGL target not found
Refreshing native plugins compatible for Editor in 0.18 ms, found 0 plugins.
Preloading 0 native plugins for Editor in 0.00 ms.
Invoked RoslynAnalysisRunner static constructor.
RoslynAnalysisRunner will not be running.
RoslynAnalysisRunner has terminated.
Mono: successfully reloaded assembly
- Completed reload, in  0.650 seconds
Platform modules already initialized, skipping
========================================================================
Worker process is ready to serve import requests
Launched and connected shader compiler UnityShaderCompiler.exe after 0.03 seconds
Refreshing native plugins compatible for Editor in 0.17 ms, found 0 plugins.
Preloading 0 native plugins for Editor in 0.00 ms.
Unloading 1113 Unused Serialized files (Serialized files now loaded: 0)
System memory in use before: 57.1 MB.
System memory in use after: 57.2 MB.

Unloading 9 unused Assets to reduce memory usage. Loaded Objects now: 1555.
Total: 1.656700 ms (FindLiveObjects: 0.293800 ms CreateObjectMapping: 0.041800 ms MarkObjects: 1.225700 ms  DeleteObjects: 0.094300 ms)

========================================================================
Received Import Request.
  path: Assets/Sprites/BoxPinch.png
  artifactKey: Guid(f8ee9e46bb5cc8a40a4a3e14d73ba3c4) Importer(815301076,1909f56bfc062723c751e8b465ee728b)
Start importing Assets/Sprites/BoxPinch.png using Guid(f8ee9e46bb5cc8a40a4a3e14d73ba3c4) Importer(815301076,1909f56bfc062723c751e8b465ee728b)  -> (artifact id: '12eee11fc9a6e999b9af38ae7ed0450b') in 0.111655 seconds
  Import took 0.114319 seconds .

========================================================================
Received Import Request.
  Time since last request: 0.470901 seconds.
  path: Assets/Scripts/ProgressEvaluator.cs
  artifactKey: Guid(e4d38507c954e0b429aa9aa5df96e978) Importer(815301076,1909f56bfc062723c751e8b465ee728b)
Start importing Assets/Scripts/ProgressEvaluator.cs using Guid(e4d38507c954e0b429aa9aa5df96e978) Importer(815301076,1909f56bfc062723c751e8b465ee728b)  -> (artifact id: 'f3c4590adf4bb4a83ec2b43084658fd4') in 0.006581 seconds
  Import took 0.008747 seconds .

========================================================================
Received Import Request.
  Time since last request: 0.023729 seconds.
  path: Assets/Scripts/ProgressEvaluator.cs
  artifactKey: Guid(e4d38507c954e0b429aa9aa5df96e978) Importer(815301076,1909f56bfc062723c751e8b465ee728b)
Start importing Assets/Scripts/ProgressEvaluator.cs using Guid(e4d38507c954e0b429aa9aa5df96e978) Importer(815301076,1909f56bfc062723c751e8b465ee728b)  -> (artifact id: 'f3c4590adf4bb4a83ec2b43084658fd4') in 0.001619 seconds
  Import took 0.003390 seconds .

========================================================================
Received Import Request.
  Time since last request: 205.970835 seconds.
  path: Assets/Scripts/ProgressEvaluator.cs
  artifactKey: Guid(e4d38507c954e0b429aa9aa5df96e978) Importer(815301076,1909f56bfc062723c751e8b465ee728b)
Start importing Assets/Scripts/ProgressEvaluator.cs using Guid(e4d38507c954e0b429aa9aa5df96e978) Importer(815301076,1909f56bfc062723c751e8b465ee728b)  -> (artifact id: '704bfe07c837df4a30dd726d6e5f17f9') in 0.001905 seconds
  Import took 0.003956 seconds .

========================================================================
Received Import Request.
  Time since last request: 14.945788 seconds.
  path: Assets/Scripts/ProgressEvaluator.cs
  artifactKey: Guid(e4d38507c954e0b429aa9aa5df96e978) Importer(815301076,1909f56bfc062723c751e8b465ee728b)
Start importing Assets/Scripts/ProgressEvaluator.cs using Guid(e4d38507c954e0b429aa9aa5df96e978) Importer(815301076,1909f56bfc062723c751e8b465ee728b)  -> (artifact id: 'bb74dc7824471f0551c0f584b9933470') in 0.001610 seconds
  Import took 0.003159 seconds .

========================================================================
Received Import Request.
  Time since last request: 15.650085 seconds.
  path: Assets/Scripts/ProgressEvaluator.cs
  artifactKey: Guid(e4d38507c954e0b429aa9aa5df96e978) Importer(815301076,1909f56bfc062723c751e8b465ee728b)
Start importing Assets/Scripts/ProgressEvaluator.cs using Guid(e4d38507c954e0b429aa9aa5df96e978) Importer(815301076,1909f56bfc062723c751e8b465ee728b)  -> (artifact id: '2329cc9e5ed3a96abf3cf4a2d63a91d0') in 0.001621 seconds
  Import took 0.003573 seconds .

========================================================================
Received Import Request.
  Time since last request: 76.904138 seconds.
  path: Assets/Scripts/ProgressEvaluator.cs
  artifactKey: Guid(e4d38507c954e0b429aa9aa5df96e978) Importer(815301076,1909f56bfc062723c751e8b465ee728b)
Start importing Assets/Scripts/ProgressEvaluator.cs using Guid(e4d38507c954e0b429aa9aa5df96e978) Importer(815301076,1909f56bfc062723c751e8b465ee728b)  -> (artifact id: 'abc42aad0358733aaaaaf69a521b99aa') in 0.001619 seconds
  Import took 0.003684 seconds .

========================================================================
Received Import Request.
  Time since last request: 58.528835 seconds.
  path: Assets/Scripts/ProgressEvaluator.cs
  artifactKey: Guid(e4d38507c954e0b429aa9aa5df96e978) Importer(815301076,1909f56bfc062723c751e8b465ee728b)
Start importing Assets/Scripts/ProgressEvaluator.cs using Guid(e4d38507c954e0b429aa9aa5df96e978) Importer(815301076,1909f56bfc062723c751e8b465ee728b)  -> (artifact id: '4f91ebdd878bb38f921aa2ef3dbd9b2e') in 0.001910 seconds
  Import took 0.003549 seconds .

========================================================================
Received Import Request.
  Time since last request: 23.164211 seconds.
  path: Assets/Scripts/ProgressEvaluator.cs
  artifactKey: Guid(e4d38507c954e0b429aa9aa5df96e978) Importer(815301076,1909f56bfc062723c751e8b465ee728b)
Start importing Assets/Scripts/ProgressEvaluator.cs using Guid(e4d38507c954e0b429aa9aa5df96e978) Importer(815301076,1909f56bfc062723c751e8b465ee728b)  -> (artifact id: '2634b768c33aa972a4255e433b6fb363') in 0.001623 seconds
  Import took 0.008360 seconds .

========================================================================
Received Prepare
Registering precompiled user dll's ...
Registered in 0.000506 seconds.
Begin MonoManager ReloadAssembly
Native extension for WindowsStandalone target not found
Native extension for OSXStandalone target not found
Native extension for WebGL target not found
Refreshing native plugins compatible for Editor in 0.18 ms, found 0 plugins.
Preloading 0 native plugins for Editor in 0.00 ms.
Invoked RoslynAnalysisRunner static constructor.
RoslynAnalysisRunner will not be running.
RoslynAnalysisRunner has terminated.
Mono: successfully reloaded assembly
- Completed reload, in  0.626 seconds
Platform modules already initialized, skipping
Refreshing native plugins compatible for Editor in 0.20 ms, found 0 plugins.
Preloading 0 native plugins for Editor in 0.00 ms.
Unloading 1107 Unused Serialized files (Serialized files now loaded: 0)
System memory in use before: 60.1 MB.
System memory in use after: 60.2 MB.

Unloading 4 unused Assets to reduce memory usage. Loaded Objects now: 1564.
Total: 1.360200 ms (FindLiveObjects: 0.118800 ms CreateObjectMapping: 0.029600 ms MarkObjects: 1.198600 ms  DeleteObjects: 0.012300 ms)

========================================================================
Received Prepare
Registering precompiled user dll's ...
Registered in 0.000549 seconds.
Begin MonoManager ReloadAssembly
Native extension for WindowsStandalone target not found
Native extension for OSXStandalone target not found
Native extension for WebGL target not found
Refreshing native plugins compatible for Editor in 0.22 ms, found 0 plugins.
Preloading 0 native plugins for Editor in 0.00 ms.
Invoked RoslynAnalysisRunner static constructor.
RoslynAnalysisRunner will not be running.
RoslynAnalysisRunner has terminated.
Mono: successfully reloaded assembly
- Completed reload, in  0.617 seconds
Platform modules already initialized, skipping
Refreshing native plugins compatible for Editor in 0.18 ms, found 0 plugins.
Preloading 0 native plugins for Editor in 0.00 ms.
Unloading 1107 Unused Serialized files (Serialized files now loaded: 0)
System memory in use before: 60.1 MB.
System memory in use after: 60.2 MB.

Unloading 4 unused Assets to reduce memory usage. Loaded Objects now: 1566.
Total: 1.325800 ms (FindLiveObjects: 0.112500 ms CreateObjectMapping: 0.030100 ms MarkObjects: 1.171900 ms  DeleteObjects: 0.010100 ms)

========================================================================
Received Prepare
Registering precompiled user dll's ...
Registered in 0.000423 seconds.
Begin MonoManager ReloadAssembly
Native extension for WindowsStandalone target not found
Native extension for OSXStandalone target not found
Native extension for WebGL target not found
Refreshing native plugins compatible for Editor in 0.18 ms, found 0 plugins.
Preloading 0 native plugins for Editor in 0.00 ms.
Invoked RoslynAnalysisRunner static constructor.
RoslynAnalysisRunner will not be running.
RoslynAnalysisRunner has terminated.
Mono: successfully reloaded assembly
- Completed reload, in  0.621 seconds
Platform modules already initialized, skipping
Refreshing native plugins compatible for Editor in 0.20 ms, found 0 plugins.
Preloading 0 native plugins for Editor in 0.00 ms.
Unloading 1107 Unused Serialized files (Serialized files now loaded: 0)
System memory in use before: 60.1 MB.
System memory in use after: 60.2 MB.

Unloading 4 unused Assets to reduce memory usage. Loaded Objects now: 1568.
Total: 1.763800 ms (FindLiveObjects: 0.132200 ms CreateObjectMapping: 0.037500 ms MarkObjects: 1.577700 ms  DeleteObjects: 0.014800 ms)

AssetImportWorkerClient::OnTransportError - code=2 error=End of file
